--------------------------------------------------------------------------------
Release 14.7 Trace  (nt64)
Copyright (c) 1995-2013 Xilinx, Inc.  All rights reserved.

E:\Xilinx\14.7\ISE_DS\ISE\bin\nt64\unwrapped\trce.exe -intstyle ise -v 3 -s 3
-n 3 -fastpaths -xml principal.twx principal.ncd -o principal.twr principal.pcf
-ucf principal.ucf

Design file:              principal.ncd
Physical constraint file: principal.pcf
Device,package,speed:     xc7a100t,csg324,C,-3 (PRODUCTION 1.10 2013-10-13)
Report level:             verbose report

Environment Variable      Effect 
--------------------      ------ 
NONE                      No environment variables were set
--------------------------------------------------------------------------------

INFO:Timing:2698 - No timing constraints found, doing default enumeration.
INFO:Timing:3412 - To improve timing, see the Timing Closure User Guide (UG612).
INFO:Timing:2752 - To get complete path coverage, use the unconstrained paths 
   option. All paths that are not constrained will be reported in the 
   unconstrained paths section(s) of the report.
INFO:Timing:3339 - The clock-to-out numbers in this timing report are based on 
   a 50 Ohm transmission line loading model.  For the details of this model, 
   and for more information on accounting for different loading conditions, 
   please see the device datasheet.



Data Sheet report:
-----------------
All values displayed in nanoseconds (ns)

Clock clk_in to Pad
------------+-----------------+------------+-----------------+------------+------------------+--------+
            |Max (slowest) clk|  Process   |Min (fastest) clk|  Process   |                  | Clock  |
Destination |  (edge) to PAD  |   Corner   |  (edge) to PAD  |   Corner   |Internal Clock(s) | Phase  |
------------+-----------------+------------+-----------------+------------+------------------+--------+
led1        |         7.454(R)|      SLOW  |         2.821(R)|      FAST  |clk_in_BUFGP      |   0.000|
led2        |         7.642(R)|      SLOW  |         2.927(R)|      FAST  |clk_in_BUFGP      |   0.000|
------------+-----------------+------------+-----------------+------------+------------------+--------+

Clock to Setup on destination clock clk_in
---------------+---------+---------+---------+---------+
               | Src:Rise| Src:Fall| Src:Rise| Src:Fall|
Source Clock   |Dest:Rise|Dest:Rise|Dest:Fall|Dest:Fall|
---------------+---------+---------+---------+---------+
clk_in         |    2.602|         |         |         |
---------------+---------+---------+---------+---------+

Pad to Pad
---------------+---------------+---------+
Source Pad     |Destination Pad|  Delay  |
---------------+---------------+---------+
num<0>         |s7<0>          |    5.567|
num<0>         |s7<1>          |    5.755|
num<0>         |s7<2>          |    5.426|
num<0>         |s7<3>          |    5.332|
num<0>         |s7<4>          |    5.732|
num<0>         |s7<5>          |    5.547|
num<0>         |s7<6>          |    5.969|
num<1>         |s7<0>          |    5.517|
num<1>         |s7<1>          |    5.707|
num<1>         |s7<2>          |    5.640|
num<1>         |s7<3>          |    5.196|
num<1>         |s7<4>          |    5.199|
num<1>         |s7<5>          |    5.405|
num<1>         |s7<6>          |    5.428|
num<2>         |s7<0>          |    5.224|
num<2>         |s7<1>          |    5.426|
num<2>         |s7<2>          |    5.273|
num<2>         |s7<3>          |    5.397|
num<2>         |s7<4>          |    5.251|
num<2>         |s7<5>          |    5.598|
num<2>         |s7<6>          |    5.472|
num<3>         |s7<0>          |    5.686|
num<3>         |s7<1>          |    5.888|
num<3>         |s7<2>          |    6.087|
num<3>         |s7<3>          |    5.818|
num<3>         |s7<4>          |    5.725|
num<3>         |s7<5>          |    6.023|
num<3>         |s7<6>          |    5.958|
---------------+---------------+---------+


Analysis completed Wed Nov 13 18:00:25 2019 
--------------------------------------------------------------------------------

Trace Settings:
-------------------------
Trace Settings 

Peak Memory Usage: 5004 MB



